<?xml version="1.0" encoding="UTF-8" ?>
<testsuite errors="0" failures="0" hostname="BootcampUser03" name="com.ck.reward.test.service.LoginServiceTest" skipped="0" tests="3" time="0.247" timestamp="2016-02-05T23:37:52">
  <properties>
[...]
</properties>
  <testcase classname="com.ck.reward.test.service.LoginServiceTest" name="testLoginWithNullValues" time="0.024" />
  <testcase classname="com.ck.reward.test.service.LoginServiceTest" name="testLoginWrongUsername" time="0.0" />
  <testcase classname="com.ck.reward.test.service.LoginServiceTest" name="testLoginWrongPassword" time="0.0" />
  <system-out><![CDATA[]]></system-out>
  <system-err><![CDATA[]]></system-err>
</testsuite>
